2025-10-21 09:54:00 | DEBUG | repo=VisionTransformer | action=commit
2025-01-11 21:57:00 | DEBUG | repo=VisionTransformer | action=commit
2025-07-27 07:15:00 | INFO | repo=VisionTransformer | action=commit
2025-07-12 17:01:00 | WARN | repo=VisionTransformer | action=commit
2025-11-01 07:33:00 | INFO | repo=VisionTransformer | action=commit
2025-08-15 13:10:00 | DEBUG | repo=VisionTransformer | action=commit
2025-07-08 13:39:00 | DEBUG | repo=VisionTransformer | action=commit
2025-12-04 17:32:00 | INFO | repo=VisionTransformer | action=commit
2025-01-24 07:44:00 | INFO | repo=VisionTransformer | action=commit
2025-07-19 12:49:00 | INFO | repo=VisionTransformer | action=test | passed=true
2025-07-17 08:25:00 | WARN | repo=VisionTransformer | action=commit
2025-10-08 10:19:00 | INFO | repo=VisionTransformer | action=test | passed=true
2025-12-15T15:48:00 | nonce=15574714887421033780
2025-08-05T14:42:00 | nonce=2156058789148595003
2025-01-01T20:01:00 | nonce=16984398787319911995
2025-12-24T10:33:00 | nonce=3407978489657595937
2025-12-15T13:13:00 | nonce=12493161376237505399
2025-08-02T11:22:00 | nonce=10440598492785309341
2025-04-19T09:12:00 | nonce=2181579167849871244
2025-03-23T12:07:00 | nonce=5376429632214205144
2025-08-09T17:21:00 | nonce=18230325112181039669
2025-02-10T12:59:00 | nonce=7202586706657090404
2025-01-15T15:24:00 | nonce=8704231716422674293
2025-04-18T09:53:00 | nonce=10800871824165861103
